2026-03-17T05:31:54Z session_started gps-20260317-053154-eb1l
2026-03-17T05:31:54Z sensor_event_appended seq=1 type=battery_status
2026-03-17T05:31:54Z sensor_event_appended seq=2 type=accelerometer
2026-03-17T05:31:54Z sensor_event_appended seq=2 type=orientation
2026-03-17T05:31:54Z sensor_event_appended seq=3 type=gyroscope
2026-03-17T05:31:54Z sensor_event_appended seq=4 type=visibility_change
2026-03-17T05:31:54Z sensor_event_appended seq=5 type=gyroscope
2026-03-17T05:31:54Z sensor_event_appended seq=6 type=accelerometer
2026-03-17T05:31:54Z sensor_event_appended seq=7 type=orientation
2026-03-17T05:31:55Z sensor_event_appended seq=8 type=orientation
2026-03-17T05:31:55Z sensor_event_appended seq=8 type=accelerometer
2026-03-17T05:31:55Z sensor_event_appended seq=9 type=accelerometer
2026-03-17T05:31:55Z sensor_event_appended seq=10 type=gyroscope
2026-03-17T05:31:55Z sensor_event_appended seq=11 type=accelerometer
2026-03-17T05:31:55Z sensor_event_appended seq=12 type=gyroscope
2026-03-17T05:31:55Z sensor_event_appended seq=13 type=orientation
2026-03-17T05:31:56Z sensor_event_appended seq=14 type=accelerometer
2026-03-17T05:31:56Z sensor_event_appended seq=15 type=orientation
2026-03-17T05:31:56Z sensor_event_appended seq=16 type=gyroscope
2026-03-17T05:31:56Z sensor_event_appended seq=17 type=accelerometer
2026-03-17T05:31:56Z sensor_event_appended seq=17 type=orientation
2026-03-17T05:31:56Z sensor_event_appended seq=18 type=gyroscope
2026-03-17T05:31:56Z sensor_event_appended seq=18 type=gyroscope
2026-03-17T05:31:56Z sensor_event_appended seq=19 type=accelerometer
2026-03-17T05:31:56Z sensor_event_appended seq=20 type=orientation
2026-03-17T05:31:57Z sensor_event_appended seq=21 type=accelerometer
2026-03-17T05:31:57Z sensor_event_appended seq=21 type=accelerometer
2026-03-17T05:31:57Z point_appended seq=1
2026-03-17T05:31:58Z sensor_event_appended seq=22 type=orientation
2026-03-17T05:31:58Z sensor_event_appended seq=23 type=orientation
2026-03-17T05:31:58Z sensor_event_appended seq=23 type=gyroscope
2026-03-17T05:31:58Z sensor_event_appended seq=24 type=gyroscope
2026-03-17T05:31:58Z sensor_event_appended seq=24 type=accelerometer
2026-03-17T05:31:58Z sensor_event_appended seq=25 type=gyroscope
2026-03-17T05:31:58Z sensor_event_appended seq=26 type=accelerometer
2026-03-17T05:31:58Z sensor_event_appended seq=27 type=orientation
2026-03-17T05:31:58Z sensor_event_appended seq=28 type=gyroscope
2026-03-17T05:31:58Z sensor_event_appended seq=28 type=orientation
2026-03-17T05:31:58Z sensor_event_appended seq=29 type=accelerometer
2026-03-17T05:31:58Z sensor_event_appended seq=30 type=orientation
2026-03-17T05:31:58Z sensor_event_appended seq=31 type=gyroscope
2026-03-17T05:31:58Z sensor_event_appended seq=31 type=accelerometer
2026-03-17T05:31:58Z sensor_event_appended seq=32 type=orientation
2026-03-17T05:31:58Z sensor_event_appended seq=32 type=gyroscope
2026-03-17T05:31:58Z sensor_event_appended seq=33 type=orientation
2026-03-17T05:31:58Z sensor_event_appended seq=33 type=accelerometer
2026-03-17T05:31:58Z sensor_event_appended seq=34 type=gyroscope
2026-03-17T05:31:58Z sensor_event_appended seq=34 type=gyroscope
2026-03-17T05:31:58Z sensor_event_appended seq=35 type=gyroscope
2026-03-17T05:31:58Z sensor_event_appended seq=36 type=accelerometer
2026-03-17T05:31:58Z sensor_event_appended seq=37 type=gyroscope
2026-03-17T05:31:58Z sensor_event_appended seq=38 type=accelerometer
2026-03-17T05:31:58Z sensor_event_appended seq=39 type=accelerometer
2026-03-17T05:31:58Z sensor_event_appended seq=39 type=orientation
2026-03-17T05:31:58Z sensor_event_appended seq=40 type=orientation
2026-03-17T05:31:58Z sensor_event_appended seq=40 type=accelerometer
2026-03-17T05:31:58Z sensor_event_appended seq=41 type=accelerometer
2026-03-17T05:31:58Z sensor_event_appended seq=41 type=gyroscope
2026-03-17T05:31:58Z sensor_event_appended seq=42 type=orientation
2026-03-17T05:31:58Z sensor_event_appended seq=42 type=gyroscope
2026-03-17T05:31:58Z sensor_event_appended seq=43 type=accelerometer
2026-03-17T05:31:59Z sensor_event_appended seq=44 type=gyroscope
2026-03-17T05:31:59Z sensor_event_appended seq=44 type=visibility_change
2026-03-17T09:29:43Z session_interrupted gps-20260317-053154-eb1l
