2026-03-17T07:10:32Z session_started gps-20260317-071032-0543
2026-03-17T07:10:33Z sensor_event_appended seq=1 type=battery_status
2026-03-17T07:10:33Z sensor_event_appended seq=2 type=orientation
2026-03-17T07:10:33Z sensor_event_appended seq=3 type=accelerometer
2026-03-17T07:10:33Z sensor_event_appended seq=4 type=gyroscope
2026-03-17T07:10:33Z sensor_event_appended seq=5 type=visibility_change
2026-03-17T07:10:33Z sensor_event_appended seq=6 type=orientation
2026-03-17T07:10:33Z sensor_event_appended seq=7 type=accelerometer
2026-03-17T07:10:33Z sensor_event_appended seq=8 type=gyroscope
2026-03-17T07:10:33Z sensor_event_appended seq=9 type=accelerometer
2026-03-17T07:10:33Z sensor_event_appended seq=10 type=gyroscope
2026-03-17T07:10:33Z sensor_event_appended seq=11 type=orientation
2026-03-17T07:10:33Z sensor_event_appended seq=12 type=accelerometer
2026-03-17T07:10:33Z sensor_event_appended seq=13 type=gyroscope
2026-03-17T07:10:33Z sensor_event_appended seq=14 type=orientation
2026-03-17T07:10:34Z sensor_event_appended seq=15 type=accelerometer
2026-03-17T07:10:34Z sensor_event_appended seq=16 type=gyroscope
2026-03-17T07:10:34Z sensor_event_appended seq=17 type=orientation
2026-03-17T07:10:34Z sensor_event_appended seq=18 type=accelerometer
2026-03-17T07:10:34Z sensor_event_appended seq=19 type=gyroscope
2026-03-17T07:10:34Z sensor_event_appended seq=19 type=orientation
2026-03-17T07:10:34Z sensor_event_appended seq=20 type=gyroscope
2026-03-17T07:10:34Z sensor_event_appended seq=20 type=accelerometer
2026-03-17T07:10:34Z sensor_event_appended seq=21 type=accelerometer
2026-03-17T07:10:34Z sensor_event_appended seq=22 type=orientation
2026-03-17T07:10:34Z sensor_event_appended seq=23 type=gyroscope
2026-03-17T07:10:34Z sensor_event_appended seq=24 type=accelerometer
2026-03-17T07:10:34Z sensor_event_appended seq=25 type=gyroscope
2026-03-17T07:10:34Z sensor_event_appended seq=26 type=orientation
2026-03-17T07:10:35Z sensor_event_appended seq=27 type=accelerometer
2026-03-17T07:10:35Z sensor_event_appended seq=28 type=gyroscope
2026-03-17T07:10:35Z sensor_event_appended seq=29 type=orientation
2026-03-17T07:10:35Z sensor_event_appended seq=30 type=gyroscope
2026-03-17T07:10:35Z sensor_event_appended seq=31 type=accelerometer
2026-03-17T07:10:35Z sensor_event_appended seq=32 type=accelerometer
2026-03-17T07:10:35Z sensor_event_appended seq=33 type=gyroscope
2026-03-17T07:10:35Z sensor_event_appended seq=34 type=orientation
2026-03-17T07:10:35Z sensor_event_appended seq=35 type=accelerometer
2026-03-17T07:10:35Z sensor_event_appended seq=35 type=gyroscope
2026-03-17T07:10:35Z sensor_event_appended seq=36 type=orientation
2026-03-17T07:10:36Z sensor_event_appended seq=37 type=accelerometer
2026-03-17T07:10:36Z sensor_event_appended seq=38 type=gyroscope
2026-03-17T07:10:36Z sensor_event_appended seq=39 type=accelerometer
2026-03-17T07:10:36Z sensor_event_appended seq=40 type=gyroscope
2026-03-17T07:10:36Z sensor_event_appended seq=41 type=accelerometer
2026-03-17T07:10:36Z sensor_event_appended seq=42 type=gyroscope
2026-03-17T07:10:36Z sensor_event_appended seq=43 type=accelerometer
2026-03-17T07:10:36Z sensor_event_appended seq=44 type=gyroscope
2026-03-17T07:10:36Z sensor_event_appended seq=45 type=accelerometer
2026-03-17T07:10:36Z sensor_event_appended seq=46 type=gyroscope
2026-03-17T07:10:37Z sensor_event_appended seq=47 type=accelerometer
2026-03-17T07:10:37Z sensor_event_appended seq=48 type=gyroscope
2026-03-17T07:10:37Z sensor_event_appended seq=49 type=accelerometer
2026-03-17T07:10:37Z sensor_event_appended seq=50 type=gyroscope
2026-03-17T07:10:37Z sensor_event_appended seq=51 type=accelerometer
2026-03-17T07:10:37Z sensor_event_appended seq=52 type=gyroscope
2026-03-17T07:10:37Z sensor_event_appended seq=53 type=accelerometer
2026-03-17T07:10:37Z sensor_event_appended seq=54 type=gyroscope
2026-03-17T07:10:37Z sensor_event_appended seq=55 type=gyroscope
2026-03-17T07:10:37Z sensor_event_appended seq=56 type=accelerometer
2026-03-17T07:10:38Z sensor_event_appended seq=57 type=accelerometer
2026-03-17T07:10:38Z sensor_event_appended seq=58 type=gyroscope
2026-03-17T07:10:38Z sensor_event_appended seq=59 type=accelerometer
2026-03-17T07:10:38Z sensor_event_appended seq=60 type=gyroscope
2026-03-17T07:10:38Z sensor_event_appended seq=61 type=accelerometer
2026-03-17T07:10:38Z sensor_event_appended seq=62 type=gyroscope
2026-03-17T07:10:38Z sensor_event_appended seq=63 type=accelerometer
2026-03-17T07:10:38Z sensor_event_appended seq=64 type=gyroscope
2026-03-17T07:10:38Z sensor_event_appended seq=65 type=accelerometer
2026-03-17T07:10:38Z sensor_event_appended seq=66 type=gyroscope
2026-03-17T07:10:39Z sensor_event_appended seq=67 type=accelerometer
2026-03-17T07:10:39Z sensor_event_appended seq=68 type=gyroscope
2026-03-17T07:10:39Z sensor_event_appended seq=69 type=accelerometer
2026-03-17T07:10:39Z sensor_event_appended seq=70 type=gyroscope
2026-03-17T07:10:39Z sensor_event_appended seq=71 type=accelerometer
2026-03-17T07:10:39Z sensor_event_appended seq=72 type=gyroscope
2026-03-17T07:10:39Z sensor_event_appended seq=73 type=accelerometer
2026-03-17T07:10:39Z point_appended seq=1
2026-03-17T07:10:39Z sensor_event_appended seq=74 type=gyroscope
2026-03-17T07:10:39Z sensor_event_appended seq=75 type=accelerometer
2026-03-17T07:10:39Z sensor_event_appended seq=76 type=gyroscope
2026-03-17T07:10:40Z sensor_event_appended seq=77 type=accelerometer
2026-03-17T07:10:40Z sensor_event_appended seq=78 type=gyroscope
2026-03-17T07:10:40Z sensor_event_appended seq=79 type=accelerometer
2026-03-17T07:10:40Z sensor_event_appended seq=80 type=gyroscope
2026-03-17T07:10:40Z sensor_event_appended seq=81 type=accelerometer
2026-03-17T07:10:40Z sensor_event_appended seq=82 type=gyroscope
2026-03-17T07:10:40Z sensor_event_appended seq=83 type=accelerometer
2026-03-17T07:10:40Z sensor_event_appended seq=84 type=gyroscope
2026-03-17T07:10:40Z sensor_event_appended seq=85 type=accelerometer
2026-03-17T07:10:40Z sensor_event_appended seq=86 type=gyroscope
2026-03-17T07:10:41Z sensor_event_appended seq=87 type=accelerometer
2026-03-17T07:10:41Z sensor_event_appended seq=88 type=gyroscope
2026-03-17T07:10:41Z sensor_event_appended seq=89 type=accelerometer
2026-03-17T07:10:41Z sensor_event_appended seq=90 type=gyroscope
2026-03-17T07:10:41Z sensor_event_appended seq=91 type=accelerometer
2026-03-17T07:10:41Z sensor_event_appended seq=92 type=gyroscope
2026-03-17T07:10:41Z sensor_event_appended seq=93 type=gyroscope
2026-03-17T07:10:41Z sensor_event_appended seq=94 type=accelerometer
2026-03-17T07:10:42Z sensor_event_appended seq=95 type=orientation
2026-03-17T07:10:42Z sensor_event_appended seq=95 type=accelerometer
2026-03-17T07:10:42Z sensor_event_appended seq=96 type=gyroscope
2026-03-17T07:10:42Z sensor_event_appended seq=97 type=gyroscope
2026-03-17T07:10:42Z sensor_event_appended seq=97 type=accelerometer
2026-03-17T07:10:42Z sensor_event_appended seq=98 type=accelerometer
2026-03-17T07:10:42Z sensor_event_appended seq=99 type=gyroscope
2026-03-17T07:10:42Z sensor_event_appended seq=100 type=accelerometer
2026-03-17T07:10:42Z sensor_event_appended seq=101 type=gyroscope
2026-03-17T07:10:42Z sensor_event_appended seq=102 type=visibility_change
2026-03-17T07:36:18Z sensor_event_appended seq=103 type=accelerometer
2026-03-17T07:36:18Z sensor_event_appended seq=103 type=accelerometer
2026-03-17T07:36:18Z sensor_event_appended seq=104 type=visibility_change
2026-03-17T07:36:18Z sensor_event_appended seq=105 type=accelerometer
2026-03-17T07:36:18Z sensor_event_appended seq=106 type=orientation
2026-03-17T07:36:18Z sensor_event_appended seq=107 type=battery_status
2026-03-17T07:36:18Z sensor_event_appended seq=108 type=gyroscope
2026-03-17T07:36:18Z sensor_event_appended seq=109 type=orientation
2026-03-17T07:36:18Z sensor_event_appended seq=110 type=gyroscope
2026-03-17T07:36:18Z sensor_event_appended seq=111 type=orientation
2026-03-17T07:36:18Z sensor_event_appended seq=112 type=orientation
2026-03-17T07:36:18Z sensor_event_appended seq=113 type=accelerometer
2026-03-17T07:36:18Z sensor_event_appended seq=114 type=gyroscope
2026-03-17T07:36:18Z sensor_event_appended seq=115 type=orientation
2026-03-17T07:36:18Z sensor_event_appended seq=116 type=accelerometer
2026-03-17T07:36:18Z sensor_event_appended seq=117 type=gyroscope
2026-03-17T07:36:18Z sensor_event_appended seq=118 type=orientation
2026-03-17T07:36:18Z sensor_event_appended seq=119 type=accelerometer
2026-03-17T07:36:18Z sensor_event_appended seq=120 type=gyroscope
2026-03-17T07:36:19Z sensor_event_appended seq=121 type=accelerometer
2026-03-17T07:36:19Z sensor_event_appended seq=121 type=gyroscope
2026-03-17T07:36:19Z sensor_event_appended seq=122 type=orientation
2026-03-17T07:36:19Z sensor_event_appended seq=123 type=orientation
2026-03-17T07:36:19Z sensor_event_appended seq=123 type=accelerometer
2026-03-17T07:36:19Z sensor_event_appended seq=124 type=gyroscope
2026-03-17T07:36:19Z sensor_event_appended seq=125 type=orientation
2026-03-17T07:36:19Z sensor_event_appended seq=126 type=accelerometer
2026-03-17T07:36:19Z sensor_event_appended seq=127 type=gyroscope
2026-03-17T07:36:19Z sensor_event_appended seq=128 type=orientation
2026-03-17T07:36:19Z sensor_event_appended seq=129 type=accelerometer
2026-03-17T07:36:19Z sensor_event_appended seq=130 type=gyroscope
2026-03-17T07:36:19Z sensor_event_appended seq=131 type=orientation
2026-03-17T07:36:19Z sensor_event_appended seq=132 type=accelerometer
2026-03-17T07:36:19Z sensor_event_appended seq=133 type=gyroscope
2026-03-17T07:36:20Z sensor_event_appended seq=134 type=orientation
2026-03-17T07:36:20Z sensor_event_appended seq=135 type=gyroscope
2026-03-17T07:36:20Z sensor_event_appended seq=135 type=accelerometer
2026-03-17T07:36:20Z sensor_event_appended seq=136 type=orientation
2026-03-17T07:36:20Z sensor_event_appended seq=136 type=accelerometer
2026-03-17T07:36:20Z sensor_event_appended seq=137 type=gyroscope
2026-03-17T07:36:20Z sensor_event_appended seq=137 type=orientation
2026-03-17T07:36:20Z sensor_event_appended seq=138 type=accelerometer
2026-03-17T07:36:20Z sensor_event_appended seq=139 type=gyroscope
2026-03-17T07:36:20Z sensor_event_appended seq=140 type=accelerometer
2026-03-17T07:36:20Z sensor_event_appended seq=141 type=orientation
2026-03-17T07:36:20Z sensor_event_appended seq=142 type=gyroscope
2026-03-17T07:36:20Z sensor_event_appended seq=143 type=accelerometer
2026-03-17T07:36:20Z sensor_event_appended seq=144 type=orientation
2026-03-17T07:36:20Z sensor_event_appended seq=145 type=gyroscope
2026-03-17T07:36:21Z sensor_event_appended seq=146 type=accelerometer
2026-03-17T07:36:21Z sensor_event_appended seq=147 type=gyroscope
2026-03-17T07:36:21Z sensor_event_appended seq=148 type=visibility_change
2026-03-17T08:36:20Z sensor_event_appended seq=149 type=gyroscope
2026-03-17T08:36:20Z sensor_event_appended seq=150 type=accelerometer
2026-03-17T08:36:20Z sensor_event_appended seq=151 type=accelerometer
2026-03-17T08:36:20Z sensor_event_appended seq=151 type=orientation
2026-03-17T08:36:20Z sensor_event_appended seq=152 type=orientation
2026-03-17T08:36:20Z sensor_event_appended seq=153 type=orientation
2026-03-17T08:36:20Z sensor_event_appended seq=153 type=accelerometer
2026-03-17T08:36:20Z sensor_event_appended seq=154 type=battery_status
2026-03-17T08:36:20Z sensor_event_appended seq=154 type=accelerometer
2026-03-17T08:36:20Z sensor_event_appended seq=155 type=orientation
2026-03-17T08:36:20Z sensor_event_appended seq=155 type=accelerometer
2026-03-17T08:36:20Z sensor_event_appended seq=156 type=orientation
2026-03-17T08:36:20Z sensor_event_appended seq=157 type=gyroscope
2026-03-17T08:36:20Z sensor_event_appended seq=158 type=accelerometer
2026-03-17T08:36:20Z sensor_event_appended seq=158 type=gyroscope
2026-03-17T08:36:20Z sensor_event_appended seq=159 type=accelerometer
2026-03-17T08:36:20Z sensor_event_appended seq=159 type=accelerometer
2026-03-17T08:36:20Z sensor_event_appended seq=160 type=orientation
2026-03-17T08:36:20Z sensor_event_appended seq=160 type=gyroscope
2026-03-17T08:36:20Z sensor_event_appended seq=161 type=gyroscope
2026-03-17T08:36:20Z sensor_event_appended seq=161 type=gyroscope
2026-03-17T08:36:20Z sensor_event_appended seq=162 type=orientation
2026-03-17T08:36:20Z sensor_event_appended seq=162 type=gyroscope
2026-03-17T08:36:20Z sensor_event_appended seq=163 type=orientation
2026-03-17T08:36:20Z sensor_event_appended seq=163 type=gyroscope
2026-03-17T08:36:20Z sensor_event_appended seq=164 type=accelerometer
2026-03-17T08:36:20Z sensor_event_appended seq=164 type=orientation
2026-03-17T08:36:20Z sensor_event_appended seq=165 type=visibility_change
2026-03-17T08:36:20Z session_closed gps-20260317-071032-0543
