2026-03-17T08:36:23Z session_started gps-20260317-083623-cs20
2026-03-17T08:36:23Z sensor_event_appended seq=1 type=battery_status
2026-03-17T08:36:23Z sensor_event_appended seq=2 type=accelerometer
2026-03-17T08:36:23Z sensor_event_appended seq=3 type=orientation
2026-03-17T08:36:23Z sensor_event_appended seq=4 type=gyroscope
2026-03-17T08:36:23Z sensor_event_appended seq=5 type=visibility_change
2026-03-17T08:36:23Z sensor_event_appended seq=6 type=accelerometer
2026-03-17T08:36:23Z sensor_event_appended seq=7 type=orientation
2026-03-17T08:36:23Z sensor_event_appended seq=8 type=gyroscope
2026-03-17T08:36:23Z sensor_event_appended seq=9 type=accelerometer
2026-03-17T08:36:23Z sensor_event_appended seq=10 type=gyroscope
2026-03-17T08:36:24Z sensor_event_appended seq=11 type=accelerometer
2026-03-17T08:36:24Z sensor_event_appended seq=12 type=gyroscope
2026-03-17T08:36:24Z sensor_event_appended seq=13 type=orientation
2026-03-17T08:36:24Z sensor_event_appended seq=14 type=accelerometer
2026-03-17T08:36:24Z sensor_event_appended seq=14 type=gyroscope
2026-03-17T08:36:24Z sensor_event_appended seq=15 type=accelerometer
2026-03-17T08:36:24Z sensor_event_appended seq=16 type=gyroscope
2026-03-17T08:36:24Z sensor_event_appended seq=17 type=orientation
2026-03-17T08:36:24Z sensor_event_appended seq=18 type=accelerometer
2026-03-17T08:36:24Z sensor_event_appended seq=19 type=gyroscope
2026-03-17T08:36:24Z point_appended seq=1
2026-03-17T08:36:24Z sensor_event_appended seq=20 type=orientation
2026-03-17T08:36:24Z sensor_event_appended seq=21 type=accelerometer
2026-03-17T08:36:25Z sensor_event_appended seq=22 type=gyroscope
2026-03-17T08:36:25Z sensor_event_appended seq=23 type=orientation
2026-03-17T08:36:25Z sensor_event_appended seq=24 type=accelerometer
2026-03-17T08:36:25Z sensor_event_appended seq=25 type=gyroscope
2026-03-17T08:36:25Z sensor_event_appended seq=26 type=orientation
2026-03-17T08:36:25Z sensor_event_appended seq=27 type=gyroscope
2026-03-17T08:36:25Z sensor_event_appended seq=28 type=gyroscope
2026-03-17T08:36:25Z sensor_event_appended seq=29 type=accelerometer
2026-03-17T08:36:25Z sensor_event_appended seq=29 type=accelerometer
2026-03-17T08:36:25Z sensor_event_appended seq=30 type=accelerometer
2026-03-17T08:36:25Z sensor_event_appended seq=31 type=orientation
2026-03-17T08:36:25Z sensor_event_appended seq=31 type=gyroscope
2026-03-17T08:36:26Z sensor_event_appended seq=32 type=accelerometer
2026-03-17T08:36:26Z sensor_event_appended seq=33 type=accelerometer
2026-03-17T08:36:26Z sensor_event_appended seq=34 type=gyroscope
2026-03-17T08:36:26Z sensor_event_appended seq=34 type=orientation
2026-03-17T08:36:26Z sensor_event_appended seq=35 type=orientation
2026-03-17T08:36:26Z sensor_event_appended seq=36 type=gyroscope
2026-03-17T08:36:26Z sensor_event_appended seq=37 type=accelerometer
2026-03-17T08:36:26Z sensor_event_appended seq=38 type=orientation
2026-03-17T08:36:26Z sensor_event_appended seq=39 type=gyroscope
2026-03-17T08:36:26Z sensor_event_appended seq=39 type=accelerometer
2026-03-17T08:36:26Z sensor_event_appended seq=40 type=orientation
2026-03-17T08:36:26Z sensor_event_appended seq=40 type=gyroscope
2026-03-17T08:36:26Z sensor_event_appended seq=41 type=accelerometer
2026-03-17T08:36:26Z sensor_event_appended seq=42 type=gyroscope
2026-03-17T08:36:26Z sensor_event_appended seq=42 type=orientation
2026-03-17T08:36:27Z sensor_event_appended seq=43 type=accelerometer
2026-03-17T08:36:27Z sensor_event_appended seq=44 type=gyroscope
2026-03-17T08:36:27Z sensor_event_appended seq=45 type=orientation
2026-03-17T08:36:27Z sensor_event_appended seq=46 type=accelerometer
2026-03-17T08:36:27Z sensor_event_appended seq=47 type=gyroscope
2026-03-17T08:36:27Z sensor_event_appended seq=48 type=accelerometer
2026-03-17T08:36:27Z sensor_event_appended seq=49 type=gyroscope
2026-03-17T08:36:27Z sensor_event_appended seq=49 type=orientation
2026-03-17T08:36:27Z sensor_event_appended seq=50 type=accelerometer
2026-03-17T08:36:27Z sensor_event_appended seq=51 type=gyroscope
2026-03-17T08:36:27Z sensor_event_appended seq=52 type=orientation
2026-03-17T08:36:27Z sensor_event_appended seq=53 type=accelerometer
2026-03-17T08:36:27Z sensor_event_appended seq=54 type=gyroscope
2026-03-17T08:36:28Z sensor_event_appended seq=55 type=visibility_change
2026-03-17T09:29:43Z session_interrupted gps-20260317-083623-cs20
