2026-03-11T06:25:00Z session_started gps-20260311-062500-65w4
2026-03-11T06:25:00Z sensor_event_appended seq=1 type=battery_status
2026-03-11T06:25:00Z sensor_event_appended seq=2 type=accelerometer
2026-03-11T06:25:00Z sensor_event_appended seq=2 type=orientation
2026-03-11T06:25:00Z sensor_event_appended seq=3 type=visibility_change
2026-03-11T06:25:00Z sensor_event_appended seq=4 type=gyroscope
2026-03-11T06:25:17Z point_appended seq=1
2026-03-11T06:25:24Z point_appended seq=2
2026-03-11T06:25:26Z sensor_event_appended seq=5 type=visibility_change
2026-03-11T06:26:00Z sensor_event_appended seq=6 type=visibility_change
2026-03-11T06:26:00Z sensor_event_appended seq=7 type=orientation
2026-03-11T06:26:00Z sensor_event_appended seq=7 type=accelerometer
2026-03-11T06:26:00Z sensor_event_appended seq=8 type=gyroscope
2026-03-11T06:26:15Z point_appended seq=3
2026-03-11T06:26:16Z sensor_event_appended seq=9 type=battery_status
2026-03-11T06:26:22Z point_appended seq=4
2026-03-11T06:26:29Z point_appended seq=5
2026-03-11T06:26:35Z point_appended seq=6
2026-03-11T06:26:42Z point_appended seq=7
2026-03-11T06:26:49Z point_appended seq=8
2026-03-11T06:26:55Z sensor_event_appended seq=10 type=visibility_change
2026-03-11T06:33:19Z sensor_event_appended seq=11 type=visibility_change
2026-03-11T06:33:19Z sensor_event_appended seq=12 type=battery_status
2026-03-11T06:33:19Z sensor_event_appended seq=12 type=accelerometer
2026-03-11T06:33:19Z sensor_event_appended seq=13 type=orientation
2026-03-11T06:33:19Z sensor_event_appended seq=14 type=gyroscope
2026-03-11T06:33:30Z sensor_event_appended seq=15 type=visibility_change
2026-03-11T06:45:24Z sensor_event_appended seq=16 type=battery_status
2026-03-11T06:45:24Z sensor_event_appended seq=16 type=visibility_change
2026-03-11T06:45:24Z sensor_event_appended seq=16 type=accelerometer
2026-03-11T06:45:24Z sensor_event_appended seq=17 type=orientation
2026-03-11T06:45:24Z sensor_event_appended seq=18 type=gyroscope
2026-03-11T06:45:25Z point_appended seq=9
2026-03-11T06:45:30Z sensor_event_appended seq=19 type=visibility_change
2026-03-11T07:13:20Z sensor_event_appended seq=20 type=visibility_change
2026-03-11T07:13:20Z sensor_event_appended seq=21 type=battery_status
2026-03-11T07:13:20Z sensor_event_appended seq=22 type=accelerometer
2026-03-11T07:13:20Z sensor_event_appended seq=23 type=gyroscope
2026-03-11T07:13:21Z sensor_event_appended seq=24 type=orientation
2026-03-11T07:13:22Z sensor_event_appended seq=25 type=visibility_change
2026-03-17T09:29:43Z session_interrupted gps-20260311-062500-65w4
