2026-03-17T07:24:28Z session_started gps-20260317-072428-5t5l
2026-03-17T07:24:28Z sensor_event_appended seq=1 type=battery_status
2026-03-17T07:24:28Z sensor_event_appended seq=2 type=accelerometer
2026-03-17T07:24:28Z sensor_event_appended seq=3 type=orientation
2026-03-17T07:24:29Z sensor_event_appended seq=4 type=visibility_change
2026-03-17T07:24:29Z sensor_event_appended seq=5 type=gyroscope
2026-03-17T07:24:29Z point_appended seq=1
2026-03-17T07:24:33Z point_appended seq=2
2026-03-17T07:24:38Z point_appended seq=3
2026-03-17T07:24:43Z point_appended seq=4
2026-03-17T07:24:45Z point_appended seq=5
2026-03-17T07:24:46Z point_appended seq=6
2026-03-17T07:24:47Z point_appended seq=7
2026-03-17T07:24:48Z point_appended seq=8
2026-03-17T07:24:49Z point_appended seq=9
2026-03-17T07:24:50Z point_appended seq=10
2026-03-17T07:24:51Z point_appended seq=11
2026-03-17T07:24:52Z point_appended seq=12
2026-03-17T07:24:53Z point_appended seq=13
2026-03-17T07:24:54Z point_appended seq=14
2026-03-17T07:24:55Z point_appended seq=15
2026-03-17T07:24:56Z point_appended seq=16
2026-03-17T07:24:57Z point_appended seq=17
2026-03-17T07:24:58Z point_appended seq=18
2026-03-17T07:24:59Z point_appended seq=19
2026-03-17T07:25:00Z point_appended seq=20
2026-03-17T07:25:01Z point_appended seq=21
2026-03-17T07:25:02Z point_appended seq=22
2026-03-17T07:25:03Z point_appended seq=23
2026-03-17T07:25:04Z point_appended seq=24
2026-03-17T07:25:05Z point_appended seq=25
2026-03-17T07:25:06Z point_appended seq=26
2026-03-17T07:25:07Z point_appended seq=27
2026-03-17T07:25:08Z point_appended seq=28
2026-03-17T07:25:09Z point_appended seq=29
2026-03-17T07:25:10Z point_appended seq=30
2026-03-17T07:25:11Z point_appended seq=31
2026-03-17T07:25:12Z point_appended seq=32
2026-03-17T07:25:13Z point_appended seq=33
2026-03-17T07:25:14Z point_appended seq=34
2026-03-17T07:25:15Z point_appended seq=35
2026-03-17T07:25:16Z point_appended seq=36
2026-03-17T07:25:17Z point_appended seq=37
2026-03-17T07:25:18Z point_appended seq=38
2026-03-17T07:25:19Z point_appended seq=39
2026-03-17T07:25:20Z point_appended seq=40
2026-03-17T07:25:21Z point_appended seq=41
2026-03-17T07:25:22Z point_appended seq=42
2026-03-17T07:25:23Z point_appended seq=43
2026-03-17T07:25:24Z point_appended seq=44
2026-03-17T07:25:25Z point_appended seq=45
2026-03-17T07:25:26Z point_appended seq=46
2026-03-17T07:25:27Z point_appended seq=47
2026-03-17T07:25:28Z point_appended seq=48
2026-03-17T07:25:29Z point_appended seq=49
2026-03-17T07:25:30Z point_appended seq=50
2026-03-17T07:25:31Z point_appended seq=51
2026-03-17T07:25:32Z point_appended seq=52
2026-03-17T07:25:33Z point_appended seq=53
2026-03-17T07:25:34Z point_appended seq=54
2026-03-17T07:25:35Z point_appended seq=55
2026-03-17T07:25:36Z point_appended seq=56
2026-03-17T07:25:37Z point_appended seq=57
2026-03-17T07:25:38Z point_appended seq=58
2026-03-17T07:25:39Z point_appended seq=59
2026-03-17T07:25:40Z point_appended seq=60
2026-03-17T07:25:41Z point_appended seq=61
2026-03-17T07:25:42Z point_appended seq=62
2026-03-17T07:25:43Z point_appended seq=63
2026-03-17T07:25:44Z point_appended seq=64
2026-03-17T07:25:45Z point_appended seq=65
2026-03-17T07:25:46Z point_appended seq=66
2026-03-17T07:25:47Z point_appended seq=67
2026-03-17T07:25:48Z point_appended seq=68
2026-03-17T07:25:49Z point_appended seq=69
2026-03-17T07:25:50Z point_appended seq=70
2026-03-17T07:25:51Z point_appended seq=71
2026-03-17T07:25:52Z point_appended seq=72
2026-03-17T07:25:53Z point_appended seq=73
2026-03-17T07:25:54Z point_appended seq=74
2026-03-17T07:25:55Z point_appended seq=75
2026-03-17T07:25:56Z point_appended seq=76
2026-03-17T07:25:57Z point_appended seq=77
2026-03-17T07:25:58Z point_appended seq=78
2026-03-17T07:25:59Z point_appended seq=79
2026-03-17T07:26:00Z point_appended seq=80
2026-03-17T07:26:01Z point_appended seq=81
2026-03-17T07:26:02Z point_appended seq=82
2026-03-17T07:26:03Z point_appended seq=83
2026-03-17T07:26:04Z point_appended seq=84
2026-03-17T07:26:05Z point_appended seq=85
2026-03-17T07:26:06Z point_appended seq=86
2026-03-17T07:26:07Z point_appended seq=87
2026-03-17T07:26:08Z point_appended seq=88
2026-03-17T07:26:09Z point_appended seq=89
2026-03-17T07:26:10Z point_appended seq=90
2026-03-17T07:26:11Z point_appended seq=91
2026-03-17T07:26:12Z point_appended seq=92
2026-03-17T07:26:13Z point_appended seq=93
2026-03-17T07:26:13Z sensor_event_appended seq=6 type=battery_status
2026-03-17T07:26:14Z point_appended seq=94
2026-03-17T07:26:15Z point_appended seq=95
2026-03-17T07:26:16Z point_appended seq=96
2026-03-17T07:26:17Z point_appended seq=97
2026-03-17T07:26:18Z point_appended seq=98
2026-03-17T07:26:19Z point_appended seq=99
2026-03-17T07:26:20Z point_appended seq=100
2026-03-17T07:26:21Z point_appended seq=101
2026-03-17T07:26:22Z point_appended seq=102
2026-03-17T07:26:23Z point_appended seq=103
2026-03-17T07:26:24Z point_appended seq=104
2026-03-17T07:26:25Z point_appended seq=105
2026-03-17T07:26:26Z point_appended seq=106
2026-03-17T07:26:27Z point_appended seq=107
2026-03-17T07:26:28Z point_appended seq=108
2026-03-17T07:26:29Z point_appended seq=109
2026-03-17T07:26:30Z point_appended seq=110
2026-03-17T07:26:31Z point_appended seq=111
2026-03-17T07:26:32Z point_appended seq=112
2026-03-17T07:26:33Z point_appended seq=113
2026-03-17T07:26:34Z point_appended seq=114
2026-03-17T07:26:35Z point_appended seq=115
2026-03-17T07:26:36Z point_appended seq=116
2026-03-17T07:26:37Z point_appended seq=117
2026-03-17T07:26:38Z point_appended seq=118
2026-03-17T07:26:39Z point_appended seq=119
2026-03-17T07:26:40Z point_appended seq=120
2026-03-17T07:26:41Z point_appended seq=121
2026-03-17T07:26:42Z point_appended seq=122
2026-03-17T07:26:43Z point_appended seq=123
2026-03-17T07:26:44Z point_appended seq=124
2026-03-17T07:26:45Z point_appended seq=125
2026-03-17T07:26:46Z point_appended seq=126
2026-03-17T07:26:47Z point_appended seq=127
2026-03-17T07:26:48Z point_appended seq=128
2026-03-17T07:26:49Z point_appended seq=129
2026-03-17T07:26:50Z point_appended seq=130
2026-03-17T07:26:51Z point_appended seq=131
2026-03-17T07:26:52Z point_appended seq=132
2026-03-17T07:26:53Z point_appended seq=133
2026-03-17T07:26:54Z point_appended seq=134
2026-03-17T07:26:55Z point_appended seq=135
2026-03-17T07:26:56Z point_appended seq=136
2026-03-17T07:26:57Z point_appended seq=137
2026-03-17T07:26:58Z point_appended seq=138
2026-03-17T07:26:59Z point_appended seq=139
2026-03-17T07:27:00Z point_appended seq=140
2026-03-17T07:27:01Z point_appended seq=141
2026-03-17T07:27:02Z point_appended seq=142
2026-03-17T07:27:03Z point_appended seq=143
2026-03-17T07:27:04Z point_appended seq=144
2026-03-17T07:27:05Z point_appended seq=145
2026-03-17T07:27:06Z point_appended seq=146
2026-03-17T07:27:07Z point_appended seq=147
2026-03-17T07:27:08Z point_appended seq=148
2026-03-17T07:27:09Z point_appended seq=149
2026-03-17T07:27:10Z point_appended seq=150
2026-03-17T07:27:11Z point_appended seq=151
2026-03-17T07:27:12Z point_appended seq=152
2026-03-17T07:27:13Z point_appended seq=153
2026-03-17T07:27:14Z point_appended seq=154
2026-03-17T07:27:15Z point_appended seq=155
2026-03-17T07:27:16Z point_appended seq=156
2026-03-17T07:27:17Z point_appended seq=157
2026-03-17T07:27:18Z point_appended seq=158
2026-03-17T07:27:19Z point_appended seq=159
2026-03-17T07:27:20Z point_appended seq=160
2026-03-17T07:27:21Z point_appended seq=161
2026-03-17T07:27:22Z point_appended seq=162
2026-03-17T07:27:23Z point_appended seq=163
2026-03-17T07:27:24Z point_appended seq=164
2026-03-17T07:27:25Z point_appended seq=165
2026-03-17T07:27:26Z point_appended seq=166
2026-03-17T07:27:27Z point_appended seq=167
2026-03-17T07:27:28Z point_appended seq=168
2026-03-17T07:27:29Z point_appended seq=169
2026-03-17T07:27:30Z point_appended seq=170
2026-03-17T07:27:31Z point_appended seq=171
2026-03-17T07:27:32Z point_appended seq=172
2026-03-17T07:27:33Z point_appended seq=173
2026-03-17T07:27:34Z point_appended seq=174
2026-03-17T07:27:35Z point_appended seq=175
2026-03-17T07:27:36Z point_appended seq=176
2026-03-17T07:27:37Z point_appended seq=177
2026-03-17T07:27:38Z point_appended seq=178
2026-03-17T07:27:39Z point_appended seq=179
2026-03-17T07:27:40Z point_appended seq=180
2026-03-17T07:27:41Z point_appended seq=181
2026-03-17T07:27:42Z point_appended seq=182
2026-03-17T07:27:43Z point_appended seq=183
2026-03-17T07:27:44Z point_appended seq=184
2026-03-17T07:27:44Z point_appended seq=185
2026-03-17T07:27:45Z point_appended seq=186
2026-03-17T07:27:46Z point_appended seq=187
2026-03-17T07:27:47Z point_appended seq=188
2026-03-17T07:27:48Z point_appended seq=189
2026-03-17T07:27:49Z point_appended seq=190
2026-03-17T07:27:50Z point_appended seq=191
2026-03-17T07:27:51Z point_appended seq=192
2026-03-17T07:27:52Z point_appended seq=193
2026-03-17T07:27:53Z point_appended seq=194
2026-03-17T07:27:54Z point_appended seq=195
2026-03-17T07:27:55Z point_appended seq=196
2026-03-17T07:27:56Z point_appended seq=197
2026-03-17T07:27:57Z point_appended seq=198
2026-03-17T07:27:58Z point_appended seq=199
2026-03-17T07:27:59Z point_appended seq=200
2026-03-17T07:28:00Z point_appended seq=201
2026-03-17T07:28:01Z point_appended seq=202
2026-03-17T07:28:02Z point_appended seq=203
2026-03-17T07:28:03Z point_appended seq=204
2026-03-17T07:28:04Z point_appended seq=205
2026-03-17T07:28:05Z point_appended seq=206
2026-03-17T07:28:06Z point_appended seq=207
2026-03-17T07:28:07Z point_appended seq=208
2026-03-17T07:28:08Z point_appended seq=209
2026-03-17T07:28:09Z point_appended seq=210
2026-03-17T07:28:10Z point_appended seq=211
2026-03-17T07:28:11Z point_appended seq=212
2026-03-17T07:28:12Z point_appended seq=213
2026-03-17T07:28:13Z point_appended seq=214
2026-03-17T07:28:14Z point_appended seq=215
2026-03-17T07:28:15Z point_appended seq=216
2026-03-17T07:28:16Z point_appended seq=217
2026-03-17T07:28:17Z point_appended seq=218
2026-03-17T07:28:18Z point_appended seq=219
2026-03-17T07:28:19Z point_appended seq=220
2026-03-17T07:28:20Z point_appended seq=221
2026-03-17T07:28:21Z point_appended seq=222
2026-03-17T07:28:22Z point_appended seq=223
2026-03-17T07:28:23Z point_appended seq=224
2026-03-17T07:28:24Z point_appended seq=225
2026-03-17T07:28:25Z point_appended seq=226
2026-03-17T07:28:26Z point_appended seq=227
2026-03-17T07:28:27Z point_appended seq=228
2026-03-17T07:28:28Z point_appended seq=229
2026-03-17T07:28:29Z point_appended seq=230
2026-03-17T07:28:30Z point_appended seq=231
2026-03-17T07:28:31Z point_appended seq=232
2026-03-17T07:28:32Z point_appended seq=233
2026-03-17T07:28:33Z point_appended seq=234
2026-03-17T07:28:34Z point_appended seq=235
2026-03-17T07:28:35Z point_appended seq=236
2026-03-17T07:28:36Z point_appended seq=237
2026-03-17T07:28:37Z point_appended seq=238
2026-03-17T07:28:38Z point_appended seq=239
2026-03-17T07:28:39Z point_appended seq=240
2026-03-17T07:28:40Z point_appended seq=241
2026-03-17T07:28:41Z point_appended seq=242
2026-03-17T07:28:42Z point_appended seq=243
2026-03-17T07:28:43Z point_appended seq=244
2026-03-17T07:28:44Z point_appended seq=245
2026-03-17T07:28:45Z point_appended seq=246
2026-03-17T07:28:46Z point_appended seq=247
2026-03-17T07:28:47Z point_appended seq=248
2026-03-17T07:28:48Z point_appended seq=249
2026-03-17T07:28:49Z point_appended seq=250
2026-03-17T07:28:50Z point_appended seq=251
2026-03-17T07:28:51Z point_appended seq=252
2026-03-17T07:28:52Z point_appended seq=253
2026-03-17T07:28:53Z point_appended seq=254
2026-03-17T07:28:54Z point_appended seq=255
2026-03-17T07:28:55Z point_appended seq=256
2026-03-17T07:28:56Z point_appended seq=257
2026-03-17T07:28:57Z point_appended seq=258
2026-03-17T07:28:58Z point_appended seq=259
2026-03-17T07:28:59Z point_appended seq=260
2026-03-17T07:29:00Z point_appended seq=261
2026-03-17T07:29:01Z point_appended seq=262
2026-03-17T07:29:02Z point_appended seq=263
2026-03-17T07:29:03Z point_appended seq=264
2026-03-17T07:29:04Z point_appended seq=265
2026-03-17T07:29:05Z point_appended seq=266
2026-03-17T07:29:06Z point_appended seq=267
2026-03-17T07:29:07Z point_appended seq=268
2026-03-17T07:29:08Z point_appended seq=269
2026-03-17T07:29:09Z point_appended seq=270
2026-03-17T07:29:10Z point_appended seq=271
2026-03-17T07:29:11Z point_appended seq=272
2026-03-17T07:29:12Z point_appended seq=273
2026-03-17T07:29:13Z point_appended seq=274
2026-03-17T07:29:14Z point_appended seq=275
2026-03-17T07:29:15Z point_appended seq=276
2026-03-17T07:29:16Z point_appended seq=277
2026-03-17T07:29:17Z point_appended seq=278
2026-03-17T07:29:18Z point_appended seq=279
2026-03-17T07:29:19Z point_appended seq=280
2026-03-17T07:29:20Z point_appended seq=281
2026-03-17T07:29:21Z point_appended seq=282
2026-03-17T07:29:22Z point_appended seq=283
2026-03-17T07:29:23Z point_appended seq=284
2026-03-17T07:29:24Z point_appended seq=285
2026-03-17T07:29:25Z point_appended seq=286
2026-03-17T07:29:26Z point_appended seq=287
2026-03-17T07:29:27Z point_appended seq=288
2026-03-17T07:29:28Z point_appended seq=289
2026-03-17T07:29:29Z point_appended seq=290
2026-03-17T07:29:30Z point_appended seq=291
2026-03-17T07:29:31Z point_appended seq=292
2026-03-17T07:29:32Z point_appended seq=293
2026-03-17T07:29:33Z point_appended seq=294
2026-03-17T07:29:34Z point_appended seq=295
2026-03-17T07:29:35Z point_appended seq=296
2026-03-17T07:29:36Z point_appended seq=297
2026-03-17T07:29:37Z point_appended seq=298
2026-03-17T07:29:38Z point_appended seq=299
2026-03-17T07:29:39Z point_appended seq=300
2026-03-17T07:29:40Z point_appended seq=301
2026-03-17T07:29:41Z point_appended seq=302
2026-03-17T07:29:42Z point_appended seq=303
2026-03-17T07:29:43Z point_appended seq=304
2026-03-17T07:29:44Z point_appended seq=305
2026-03-17T07:29:45Z point_appended seq=306
2026-03-17T07:29:46Z point_appended seq=307
2026-03-17T07:29:47Z point_appended seq=308
2026-03-17T07:29:48Z point_appended seq=309
2026-03-17T07:29:49Z point_appended seq=310
2026-03-17T07:29:50Z point_appended seq=311
2026-03-17T07:29:51Z point_appended seq=312
2026-03-17T07:29:52Z point_appended seq=313
2026-03-17T07:29:53Z point_appended seq=314
2026-03-17T07:29:54Z point_appended seq=315
2026-03-17T07:29:55Z point_appended seq=316
2026-03-17T07:29:56Z point_appended seq=317
2026-03-17T07:29:57Z point_appended seq=318
2026-03-17T07:29:58Z point_appended seq=319
2026-03-17T07:29:59Z point_appended seq=320
2026-03-17T07:30:00Z sensor_event_appended seq=7 type=battery_status
2026-03-17T07:30:00Z point_appended seq=321
2026-03-17T07:30:01Z point_appended seq=322
2026-03-17T07:30:02Z point_appended seq=323
2026-03-17T07:30:03Z point_appended seq=324
2026-03-17T07:30:04Z point_appended seq=325
2026-03-17T07:30:05Z point_appended seq=326
2026-03-17T07:30:06Z point_appended seq=327
2026-03-17T07:30:07Z point_appended seq=328
2026-03-17T07:30:08Z point_appended seq=329
2026-03-17T07:30:09Z point_appended seq=330
2026-03-17T07:30:10Z point_appended seq=331
2026-03-17T07:30:11Z point_appended seq=332
2026-03-17T07:30:12Z point_appended seq=333
2026-03-17T07:30:13Z point_appended seq=334
2026-03-17T07:30:14Z point_appended seq=335
2026-03-17T07:30:15Z point_appended seq=336
2026-03-17T07:30:16Z point_appended seq=337
2026-03-17T07:30:17Z point_appended seq=338
2026-03-17T07:30:18Z point_appended seq=339
2026-03-17T07:30:19Z point_appended seq=340
2026-03-17T07:30:20Z point_appended seq=341
2026-03-17T07:30:21Z point_appended seq=342
2026-03-17T07:30:22Z point_appended seq=343
2026-03-17T07:30:23Z point_appended seq=344
2026-03-17T07:30:24Z point_appended seq=345
2026-03-17T07:30:25Z point_appended seq=346
2026-03-17T07:30:26Z point_appended seq=347
2026-03-17T07:30:27Z point_appended seq=348
2026-03-17T07:30:28Z point_appended seq=349
2026-03-17T07:30:29Z point_appended seq=350
2026-03-17T07:30:30Z point_appended seq=351
2026-03-17T07:30:31Z point_appended seq=352
2026-03-17T07:30:32Z point_appended seq=353
2026-03-17T07:30:33Z point_appended seq=354
2026-03-17T07:30:34Z point_appended seq=355
2026-03-17T07:30:35Z point_appended seq=356
2026-03-17T07:30:36Z point_appended seq=357
2026-03-17T07:30:37Z point_appended seq=358
2026-03-17T07:30:38Z point_appended seq=359
2026-03-17T07:30:39Z point_appended seq=360
2026-03-17T07:30:40Z point_appended seq=361
2026-03-17T07:30:41Z point_appended seq=362
2026-03-17T07:30:42Z point_appended seq=363
2026-03-17T07:30:43Z point_appended seq=364
2026-03-17T07:30:43Z point_appended seq=365
2026-03-17T07:30:44Z point_appended seq=366
2026-03-17T07:30:45Z point_appended seq=367
2026-03-17T07:30:46Z point_appended seq=368
2026-03-17T07:30:47Z point_appended seq=369
2026-03-17T07:30:48Z point_appended seq=370
2026-03-17T07:30:49Z point_appended seq=371
2026-03-17T07:30:50Z point_appended seq=372
2026-03-17T07:30:51Z point_appended seq=373
2026-03-17T07:30:52Z point_appended seq=374
2026-03-17T07:30:53Z point_appended seq=375
2026-03-17T07:30:54Z point_appended seq=376
2026-03-17T07:30:55Z point_appended seq=377
2026-03-17T07:30:56Z point_appended seq=378
2026-03-17T07:30:57Z point_appended seq=379
2026-03-17T07:30:58Z point_appended seq=380
2026-03-17T07:30:59Z point_appended seq=381
2026-03-17T07:31:00Z point_appended seq=382
2026-03-17T07:31:01Z point_appended seq=383
2026-03-17T07:31:03Z sensor_event_appended seq=8 type=visibility_change
2026-03-17T07:31:06Z sensor_event_appended seq=9 type=visibility_change
2026-03-17T07:31:07Z sensor_event_appended seq=10 type=orientation
2026-03-17T07:31:07Z sensor_event_appended seq=10 type=gyroscope
2026-03-17T07:31:10Z session_closed gps-20260317-072428-5t5l
